Started by user [8mha:////4HqSc4Rw0Cgcqnp+ci3OPIMHsb/fCQoXN6DcFqbs5AOiAAAAmB+LCAAAAAAAAP9b85aBtbiIQTGjNKU4P08vOT+vOD8nVc83PyU1x6OyILUoJzMv2y+/JJUBAhiZGBgqihhk0NSjKDWzXb3RdlLBUSYGJk8GtpzUvPSSDB8G5tKinBIGIZ+sxLJE/ZzEvHT94JKizLx0a6BxUmjGOUNodHsLgAzeEgYe/dLi1CL9lNTUgsRsAIbYXkfBAAAA[0mDeepak Thakur
Building remotely on [8mha:////4Ipu43TgJmyFaCgMOG6MawBSTVzCUtVEymwfHxtC/KQlAAAAnx+LCAAAAAAAAP9b85aBtbiIQTGjNKU4P08vOT+vOD8nVc83PyU1x6OyILUoJzMv2y+/JJUBAhiZGBgqihhk0NSjKDWzXb3RdlLBUSYGJk8GtpzUvPSSDB8G5tKinBIGIZ+sxLJE/ZzEvHT94JKizLx0a6BxUmjGOUNodHsLgAzOEgZh/eT83ILSktQi/QCPAN3gnMSyVAAYKHe3yAAAAA==[0mPHP-Slave in workspace /var/workspace/HRMS-PHP
 > git rev-parse --is-inside-work-tree # timeout=10
Fetching changes from the remote Git repository
 > git config remote.origin.url https://github.com/SynapseLLC/203-HRSystem.git # timeout=10
Fetching upstream changes from https://github.com/SynapseLLC/203-HRSystem.git
 > git --version # timeout=10
using GIT_ASKPASS to set credentials 
 > git fetch --tags --progress https://github.com/SynapseLLC/203-HRSystem.git +refs/heads/*:refs/remotes/origin/*
 > git rev-parse refs/remotes/origin/api-hrsystem-dev^{commit} # timeout=10
 > git rev-parse refs/remotes/origin/origin/api-hrsystem-dev^{commit} # timeout=10
Checking out Revision ab594ce2145b3ae517ad33d486d95721c78fd7ae (refs/remotes/origin/api-hrsystem-dev)
 > git config core.sparsecheckout # timeout=10
 > git checkout -f ab594ce2145b3ae517ad33d486d95721c78fd7ae
Commit message: "Changes in the order [#160580081]"
 > git rev-list --no-walk ab594ce2145b3ae517ad33d486d95721c78fd7ae # timeout=10
[HRMS-PHP] $ /bin/sh -xe /tmp/jenkins6270124256085581483.sh
+ export DB_NAME=thesynap_test_devdb
+ export DB_HOST=35.199.17.103
+ export DB_PASS=83mhCu24bGVpeRP6
+ export DB_USER=hrms_devssl
+ ant
Buildfile: /var/workspace/HRMS-PHP/build.xml

clean:

prepare:
    [mkdir] Created dir: /var/workspace/HRMS-PHP/build/api
    [mkdir] Created dir: /var/workspace/HRMS-PHP/build/coverage
    [mkdir] Created dir: /var/workspace/HRMS-PHP/build/logs
    [mkdir] Created dir: /var/workspace/HRMS-PHP/build/pdepend
    [mkdir] Created dir: /var/workspace/HRMS-PHP/build/phpdox

lint:
     [lint] No syntax errors detected in /var/workspace/HRMS-PHP/src/Connection.php
     [lint] No syntax errors detected in /var/workspace/HRMS-PHP/src/HrsCode.php
     [lint] No syntax errors detected in /var/workspace/HRMS-PHP/src/Login.php
     [lint] No syntax errors detected in /var/workspace/HRMS-PHP/src/UserEdit.php
     [lint] No syntax errors detected in /var/workspace/HRMS-PHP/src/UserRegistration.php
     [lint] No syntax errors detected in /var/workspace/HRMS-PHP/src/ViewUser.php
     [lint] No syntax errors detected in /var/workspace/HRMS-PHP/src/autoload.php
     [lint] No syntax errors detected in /var/workspace/HRMS-PHP/tests/AddFirmTest.php
     [lint] No syntax errors detected in /var/workspace/HRMS-PHP/tests/firmEditTest.php
     [lint] No syntax errors detected in /var/workspace/HRMS-PHP/tests/hrsCodeTest.php
     [lint] No syntax errors detected in /var/workspace/HRMS-PHP/tests/leaveApplyTest.php
     [lint] No syntax errors detected in /var/workspace/HRMS-PHP/tests/loginCredentialTest.php
     [lint] No syntax errors detected in /var/workspace/HRMS-PHP/tests/userEditTest.php
     [lint] No syntax errors detected in /var/workspace/HRMS-PHP/tests/userRegistrationTest.php
     [lint] No syntax errors detected in /var/workspace/HRMS-PHP/tests/viewUserTest.php

phploc-ci:
   [phploc] phploc 4.0.1 by Sebastian Bergmann.
   [phploc] 
   [phploc] Directories                                          1
   [phploc] Files                                               15
   [phploc] 
   [phploc] Size
   [phploc]   Lines of Code (LOC)                             3619
   [phploc]   Comment Lines of Code (CLOC)                    1216 (33.60%)
   [phploc]   Non-Comment Lines of Code (NCLOC)               2403 (66.40%)
   [phploc]   Logical Lines of Code (LLOC)                    1393 (38.49%)
   [phploc]     Classes                                        118 (8.47%)
   [phploc]       Average Class Length                           8
   [phploc]         Minimum Class Length                         0
   [phploc]         Maximum Class Length                        62
   [phploc]       Average Method Length                          4
   [phploc]         Minimum Method Length                        1
   [phploc]         Maximum Method Length                       11
   [phploc]     Functions                                     1199 (86.07%)
   [phploc]       Average Function Length                     1199
   [phploc]     Not in classes or functions                     76 (5.46%)
   [phploc] 
   [phploc] Cyclomatic Complexity
   [phploc]   Average Complexity per LLOC                     0.02
   [phploc]   Average Complexity per Class                    2.57
   [phploc]     Minimum Class Complexity                      1.00
   [phploc]     Maximum Class Complexity                     15.00
   [phploc]   Average Complexity per Method                   1.88
   [phploc]     Minimum Method Complexity                     1.00
   [phploc]     Maximum Method Complexity                     3.00
   [phploc] 
   [phploc] Dependencies
   [phploc]   Global Accesses                                    0
   [phploc]     Global Constants                                 0 (0.00%)
   [phploc]     Global Variables                                 0 (0.00%)
   [phploc]     Super-Global Variables                           0 (0.00%)
   [phploc]   Attribute Accesses                                37
   [phploc]     Non-Static                                       4 (10.81%)
   [phploc]     Static                                          33 (89.19%)
   [phploc]   Method Calls                                     622
   [phploc]     Non-Static                                     572 (91.96%)
   [phploc]     Static                                          50 (8.04%)
   [phploc] 
   [phploc] Structure
   [phploc]   Namespaces                                         0
   [phploc]   Interfaces                                         0
   [phploc]   Traits                                             0
   [phploc]   Classes                                            6
   [phploc]     Abstract Classes                                 0 (0.00%)
   [phploc]     Concrete Classes                                 6 (100.00%)
   [phploc]   Methods                                           25
   [phploc]     Scope
   [phploc]       Non-Static Methods                            25 (100.00%)
   [phploc]       Static Methods                                 0 (0.00%)
   [phploc]     Visibility
   [phploc]       Public Methods                                25 (100.00%)
   [phploc]       Non-Public Methods                             0 (0.00%)
   [phploc]   Functions                                          1
   [phploc]     Named Functions                                  0 (0.00%)
   [phploc]     Anonymous Functions                              1 (100.00%)
   [phploc]   Constants                                          0
   [phploc]     Global Constants                                 0 (0.00%)
   [phploc]     Class Constants                                  0 (0.00%)
   [phploc] 
   [phploc] Tests
   [phploc]   Classes                                            8
   [phploc]   Methods                                          223

pdepend:
  [pdepend] PDepend 2.5.0
  [pdepend] 
  [pdepend] Parsing source files:
  [pdepend] .......                                                          7
  [pdepend] 
  [pdepend] Calculating Dependency metrics:
  [pdepend] .                                                               32
  [pdepend] 
  [pdepend] Calculating Coupling metrics:
  [pdepend] ..                                                              43
  [pdepend] 
  [pdepend] Calculating Cyclomatic Complexity metrics:
  [pdepend] ..                                                              45
  [pdepend] 
  [pdepend] Calculating Inheritance metrics:
  [pdepend]                                                                  7
  [pdepend] 
  [pdepend] Calculating Node Count metrics:
  [pdepend] .                                                               32
  [pdepend] 
  [pdepend] Calculating Node Loc metrics:
  [pdepend] .                                                               39
  [pdepend] 
  [pdepend] Generating pdepend log files, this may take a moment.
  [pdepend] 
  [pdepend] Time: 0:00:00; Memory: 10.00Mb

phpmd-ci:
    [phpmd] Result: 2

phpcs-ci:
    [phpcs] Result: 2

phpcpd-ci:
   [phpcpd] PHP Fatal error:  Uncaught TypeError: Return value of SebastianBergmann\PHPCPD\CLI\Application::disableXdebug() must be an instance of SebastianBergmann\PHPCPD\CLI\void, none returned in phar:///usr/local/bin/phpcpd/src/CLI/Application.php:90
   [phpcpd] Stack trace:
   [phpcpd] #0 phar:///usr/local/bin/phpcpd/src/CLI/Application.php(44): SebastianBergmann\PHPCPD\CLI\Application->disableXdebug()
   [phpcpd] #1 phar:///usr/local/bin/phpcpd/symfony/console/Application.php(148): SebastianBergmann\PHPCPD\CLI\Application->doRun(Object(Symfony\Component\Console\Input\ArgvInput), Object(Symfony\Component\Console\Output\ConsoleOutput))
   [phpcpd] #2 /usr/local/bin/phpcpd(202): Symfony\Component\Console\Application->run()
   [phpcpd] #3 {main}
   [phpcpd]   thrown in phar:///usr/local/bin/phpcpd/src/CLI/Application.php on line 90
   [phpcpd] Result: 255

static-analysis:

phpunit:
     [exec] PHPUnit 5.4.6 by Sebastian Bergmann and contributors.
     [exec] 
     [exec] Runtime:       PHP 7.0.30-0+deb9u1
     [exec] Configuration: /var/workspace/HRMS-PHP/phpunit.xml.dist
     [exec] Error:         No code coverage driver is available
     [exec] 
     [exec] EEEEEEEEEEEEEEEEEEEEEEEEEEEEEEEEEEEEEEEEEEEEEEEEEEEEEEEEEEEEEEE  63 / 223 ( 28%)
     [exec] EEEEEEEEEEEEEEEEEEEEEEEEEEEEEEEEEEEEEEEEEEEEEEEEEEEEEEEEEEEEEEE 126 / 223 ( 56%)
     [exec] EEEEEEEEEEEEEEEEEEEEEEEEEEEEEEEEEEEEEEEEEEEEEEEEEEEEEEEEEEEEEEE 189 / 223 ( 84%)
     [exec] EEEEEEEEEEEEEEEEEEEEEEEEEEEEEEEEEE                              223 / 223 (100%)
     [exec] 
     [exec] Time: 16.23 seconds, Memory: 8.00MB
     [exec] 
     [exec] There were 223 errors:
     [exec] 
     [exec] 1) AddFirmTest::testEmptyNameFieldCheck
     [exec] Error: Class 'PHPUnit\Util\Printer' not found
     [exec] 
     [exec] /var/workspace/HRMS-PHP/tests/AddFirmTest.php:35
     [exec] 
     [exec] 2) AddFirmTest::testEmptyHRCodeFieldCheck
     [exec] Error: Class 'PHPUnit\Util\Printer' not found
     [exec] 
     [exec] /var/workspace/HRMS-PHP/tests/AddFirmTest.php:47
     [exec] 
     [exec] 3) AddFirmTest::testEmptyFirmStartDateFieldCheck
     [exec] Error: Class 'PHPUnit\Util\Printer' not found
     [exec] 
     [exec] /var/workspace/HRMS-PHP/tests/AddFirmTest.php:59
     [exec] 
     [exec] 4) AddFirmTest::testEmptyCreatedByFieldCheck
     [exec] Error: Class 'PHPUnit\Util\Printer' not found
     [exec] 
     [exec] /var/workspace/HRMS-PHP/tests/AddFirmTest.php:71
     [exec] 
     [exec] 5) AddFirmTest::testEmptySignedArrayFieldCheck
     [exec] Error: Class 'PHPUnit\Util\Printer' not found
     [exec] 
     [exec] /var/workspace/HRMS-PHP/tests/AddFirmTest.php:83
     [exec] 
     [exec] 6) AddFirmTest::testEmptyFirmEmailFieldCheck
     [exec] Error: Class 'PHPUnit\Util\Printer' not found
     [exec] 
     [exec] /var/workspace/HRMS-PHP/tests/AddFirmTest.php:95
     [exec] 
     [exec] 7) AddFirmTest::testNotEmptyFirmNameFieldCheck
     [exec] Error: Class 'PHPUnit\Util\Printer' not found
     [exec] 
     [exec] /var/workspace/HRMS-PHP/tests/AddFirmTest.php:110
     [exec] 
     [exec] 8) AddFirmTest::testNotEmptyHRCodeFieldCheck
     [exec] Error: Class 'PHPUnit\Util\Printer' not found
     [exec] 
     [exec] /var/workspace/HRMS-PHP/tests/AddFirmTest.php:122
     [exec] 
     [exec] 9) AddFirmTest::testNotEmptyFirmStartDateFieldCheck
     [exec] Error: Class 'PHPUnit\Util\Printer' not found
     [exec] 
     [exec] /var/workspace/HRMS-PHP/tests/AddFirmTest.php:134
     [exec] 
     [exec] 10) AddFirmTest::testNotEmptyCreatedByFieldCheck
     [exec] Error: Class 'PHPUnit\Util\Printer' not found
     [exec] 
     [exec] /var/workspace/HRMS-PHP/tests/AddFirmTest.php:146
     [exec] 
     [exec] 11) AddFirmTest::testNotEmptySignedArrayFieldCheck
     [exec] Error: Class 'PHPUnit\Util\Printer' not found
     [exec] 
     [exec] /var/workspace/HRMS-PHP/tests/AddFirmTest.php:158
     [exec] 
     [exec] 12) AddFirmTest::testNotEmptyFirmEmailFieldCheck
     [exec] Error: Class 'PHPUnit\Util\Printer' not found
     [exec] 
     [exec] /var/workspace/HRMS-PHP/tests/AddFirmTest.php:170
     [exec] 
     [exec] 13) AddFirmTest::testValidStringValue
     [exec] Error: Class 'PHPUnit\Util\Printer' not found
     [exec] 
     [exec] /var/workspace/HRMS-PHP/tests/AddFirmTest.php:186
     [exec] 
     [exec] 14) AddFirmTest::testInvalidStringValue
     [exec] Error: Class 'PHPUnit\Util\Printer' not found
     [exec] 
     [exec] /var/workspace/HRMS-PHP/tests/AddFirmTest.php:199
     [exec] 
     [exec] 15) AddFirmTest::testValidIntValue
     [exec] Error: Class 'PHPUnit\Util\Printer' not found
     [exec] 
     [exec] /var/workspace/HRMS-PHP/tests/AddFirmTest.php:212
     [exec] 
     [exec] 16) AddFirmTest::testInValidIntValue
     [exec] Error: Class 'PHPUnit\Util\Printer' not found
     [exec] 
     [exec] /var/workspace/HRMS-PHP/tests/AddFirmTest.php:225
     [exec] 
     [exec] 17) AddFirmTest::testValidEmailFormat
     [exec] Error: Class 'PHPUnit\Util\Printer' not found
     [exec] 
     [exec] /var/workspace/HRMS-PHP/tests/AddFirmTest.php:238
     [exec] 
     [exec] 18) AddFirmTest::testInValidEmailFormat
     [exec] Error: Class 'PHPUnit\Util\Printer' not found
     [exec] 
     [exec] /var/workspace/HRMS-PHP/tests/AddFirmTest.php:251
     [exec] 
     [exec] 19) AddFirmTest::testValidDateFormat
     [exec] Error: Class 'PHPUnit\Util\Printer' not found
     [exec] 
     [exec] /var/workspace/HRMS-PHP/tests/AddFirmTest.php:264
     [exec] 
     [exec] 20) AddFirmTest::testInValidDateFormat
     [exec] Error: Class 'PHPUnit\Util\Printer' not found
     [exec] 
     [exec] /var/workspace/HRMS-PHP/tests/AddFirmTest.php:278
     [exec] 
     [exec] 21) AddFirmTest::testUniqueFirm
     [exec] Error: Class 'PHPUnit\Util\Printer' not found
     [exec] 
     [exec] /var/workspace/HRMS-PHP/tests/AddFirmTest.php:297
     [exec] 
     [exec] 22) FirmEditTestTest::testEmptyFirmIdFieldCheck
     [exec] Error: Class 'PHPUnit\Util\Printer' not found
     [exec] 
     [exec] /var/workspace/HRMS-PHP/tests/firmEditTest.php:36
     [exec] 
     [exec] 23) FirmEditTestTest::testEmptyNameFieldCheck
     [exec] Error: Class 'PHPUnit\Util\Printer' not found
     [exec] 
     [exec] /var/workspace/HRMS-PHP/tests/firmEditTest.php:50
     [exec] 
     [exec] 24) FirmEditTestTest::testEmptyHRCodeFieldCheck
     [exec] Error: Class 'PHPUnit\Util\Printer' not found
     [exec] 
     [exec] /var/workspace/HRMS-PHP/tests/firmEditTest.php:62
     [exec] 
     [exec] 25) FirmEditTestTest::testEmptyFirmStartDateFieldCheck
     [exec] Error: Class 'PHPUnit\Util\Printer' not found
     [exec] 
     [exec] /var/workspace/HRMS-PHP/tests/firmEditTest.php:74
     [exec] 
     [exec] 26) FirmEditTestTest::testEmptyCreatedByFieldCheck
     [exec] Error: Class 'PHPUnit\Util\Printer' not found
     [exec] 
     [exec] /var/workspace/HRMS-PHP/tests/firmEditTest.php:86
     [exec] 
     [exec] 27) FirmEditTestTest::testEmptySignedArrayFieldCheck
     [exec] Error: Class 'PHPUnit\Util\Printer' not found
     [exec] 
     [exec] /var/workspace/HRMS-PHP/tests/firmEditTest.php:98
     [exec] 
     [exec] 28) FirmEditTestTest::testEmptyFirmEmailFieldCheck
     [exec] Error: Class 'PHPUnit\Util\Printer' not found
     [exec] 
     [exec] /var/workspace/HRMS-PHP/tests/firmEditTest.php:110
     [exec] 
     [exec] 29) FirmEditTestTest::testEmptyStatusFieldCheck
     [exec] Error: Class 'PHPUnit\Util\Printer' not found
     [exec] 
     [exec] /var/workspace/HRMS-PHP/tests/firmEditTest.php:122
     [exec] 
     [exec] 30) FirmEditTestTest::testEmptyFirmDescriptionFieldCheck
     [exec] Error: Class 'PHPUnit\Util\Printer' not found
     [exec] 
     [exec] /var/workspace/HRMS-PHP/tests/firmEditTest.php:134
     [exec] 
     [exec] 31) FirmEditTestTest::testNotEmptyFirmIdFieldCheck
     [exec] Error: Class 'PHPUnit\Util\Printer' not found
     [exec] 
     [exec] /var/workspace/HRMS-PHP/tests/firmEditTest.php:149
     [exec] 
     [exec] 32) FirmEditTestTest::testNotEmptyFirmNameFieldCheck
     [exec] Error: Class 'PHPUnit\Util\Printer' not found
     [exec] 
     [exec] /var/workspace/HRMS-PHP/tests/firmEditTest.php:161
     [exec] 
     [exec] 33) FirmEditTestTest::testNotEmptyHRCodeFieldCheck
     [exec] Error: Class 'PHPUnit\Util\Printer' not found
     [exec] 
     [exec] /var/workspace/HRMS-PHP/tests/firmEditTest.php:173
     [exec] 
     [exec] 34) FirmEditTestTest::testNotEmptyFirmStartDateFieldCheck
     [exec] Error: Class 'PHPUnit\Util\Printer' not found
     [exec] 
     [exec] /var/workspace/HRMS-PHP/tests/firmEditTest.php:185
     [exec] 
     [exec] 35) FirmEditTestTest::testNotEmptyCreatedByFieldCheck
     [exec] Error: Class 'PHPUnit\Util\Printer' not found
     [exec] 
     [exec] /var/workspace/HRMS-PHP/tests/firmEditTest.php:197
     [exec] 
     [exec] 36) FirmEditTestTest::testNotEmptySignedArrayFieldCheck
     [exec] Error: Class 'PHPUnit\Util\Printer' not found
     [exec] 
     [exec] /var/workspace/HRMS-PHP/tests/firmEditTest.php:209
     [exec] 
     [exec] 37) FirmEditTestTest::testNotEmptyFirmEmailFieldCheck
     [exec] Error: Class 'PHPUnit\Util\Printer' not found
     [exec] 
     [exec] /var/workspace/HRMS-PHP/tests/firmEditTest.php:221
     [exec] 
     [exec] 38) FirmEditTestTest::testNotEmptyStatusFieldCheck
     [exec] Error: Class 'PHPUnit\Util\Printer' not found
     [exec] 
     [exec] /var/workspace/HRMS-PHP/tests/firmEditTest.php:233
     [exec] 
     [exec] 39) FirmEditTestTest::testNotEmptyFirmDescriptionFieldCheck
     [exec] Error: Class 'PHPUnit\Util\Printer' not found
     [exec] 
     [exec] /var/workspace/HRMS-PHP/tests/firmEditTest.php:245
     [exec] 
     [exec] 40) FirmEditTestTest::testValidStringValue
     [exec] Error: Class 'PHPUnit\Util\Printer' not found
     [exec] 
     [exec] /var/workspace/HRMS-PHP/tests/firmEditTest.php:261
     [exec] 
     [exec] 41) FirmEditTestTest::testInvalidStringValue
     [exec] Error: Class 'PHPUnit\Util\Printer' not found
     [exec] 
     [exec] /var/workspace/HRMS-PHP/tests/firmEditTest.php:274
     [exec] 
     [exec] 42) FirmEditTestTest::testValidIntValue
     [exec] Error: Class 'PHPUnit\Util\Printer' not found
     [exec] 
     [exec] /var/workspace/HRMS-PHP/tests/firmEditTest.php:287
     [exec] 
     [exec] 43) FirmEditTestTest::testInValidIntValue
     [exec] Error: Class 'PHPUnit\Util\Printer' not found
     [exec] 
     [exec] /var/workspace/HRMS-PHP/tests/firmEditTest.php:300
     [exec] 
     [exec] 44) FirmEditTestTest::testValidEmailFormat
     [exec] Error: Class 'PHPUnit\Util\Printer' not found
     [exec] 
     [exec] /var/workspace/HRMS-PHP/tests/firmEditTest.php:313
     [exec] 
     [exec] 45) FirmEditTestTest::testInValidEmailFormat
     [exec] Error: Class 'PHPUnit\Util\Printer' not found
     [exec] 
     [exec] /var/workspace/HRMS-PHP/tests/firmEditTest.php:326
     [exec] 
     [exec] 46) FirmEditTestTest::testValidDateFormat
     [exec] Error: Class 'PHPUnit\Util\Printer' not found
     [exec] 
     [exec] /var/workspace/HRMS-PHP/tests/firmEditTest.php:339
     [exec] 
     [exec] 47) FirmEditTestTest::testInValidDateFormat
     [exec] Error: Class 'PHPUnit\Util\Printer' not found
     [exec] 
     [exec] /var/workspace/HRMS-PHP/tests/firmEditTest.php:352
     [exec] 
     [exec] 48) FirmEditTestTest::testUniqueFirm
     [exec] Error: Class 'PHPUnit\Util\Printer' not found
     [exec] 
     [exec] /var/workspace/HRMS-PHP/tests/firmEditTest.php:370
     [exec] 
     [exec] 49) FirmEditTestTest::testUserStart_EndDate
     [exec] Error: Class 'PHPUnit\Util\Printer' not found
     [exec] 
     [exec] /var/workspace/HRMS-PHP/tests/firmEditTest.php:388
     [exec] 
     [exec] 50) FirmEditTestTest::testeditFirm
     [exec] Error: Class 'PHPUnit\Util\Printer' not found
     [exec] 
     [exec] /var/workspace/HRMS-PHP/tests/firmEditTest.php:406
     [exec] 
     [exec] 51) HrsCodeTest::testForValidHrsCode
     [exec] Error: Class 'PHPUnit\Util\Printer' not found
     [exec] 
     [exec] /var/workspace/HRMS-PHP/tests/hrsCodeTest.php:23
     [exec] 
     [exec] 52) HrsCodeTest::testForInvalidHrsCode
     [exec] Error: Class 'PHPUnit\Util\Printer' not found
     [exec] 
     [exec] /var/workspace/HRMS-PHP/tests/hrsCodeTest.php:40
     [exec] 
     [exec] 53) LeaveApplyTest::testEmptyLeaveTypeFieldCheck
     [exec] Error: Class 'PHPUnit\Util\Printer' not found
     [exec] 
     [exec] /var/workspace/HRMS-PHP/tests/leaveApplyTest.php:21
     [exec] 
     [exec] 54) LeaveApplyTest::testEmptyUserIdFieldCheck
     [exec] Error: Class 'PHPUnit\Util\Printer' not found
     [exec] 
     [exec] /var/workspace/HRMS-PHP/tests/leaveApplyTest.php:35
     [exec] 
     [exec] 55) LeaveApplyTest::testEmptyReqCommentFieldCheck
     [exec] Error: Class 'PHPUnit\Util\Printer' not found
     [exec] 
     [exec] /var/workspace/HRMS-PHP/tests/leaveApplyTest.php:49
     [exec] 
     [exec] 56) LeaveApplyTest::testEmptyLeaveSubjectFieldCheck
     [exec] Error: Class 'PHPUnit\Util\Printer' not found
     [exec] 
     [exec] /var/workspace/HRMS-PHP/tests/leaveApplyTest.php:63
     [exec] 
     [exec] 57) LoginCredentialTest::testValidLoginCredential
     [exec] Error: Class 'PHPUnit\Util\Printer' not found
     [exec] 
     [exec] /var/workspace/HRMS-PHP/tests/loginCredentialTest.php:24
     [exec] 
     [exec] 58) LoginCredentialTest::testInvalidLoginCredential
     [exec] Error: Class 'PHPUnit\Util\Printer' not found
     [exec] 
     [exec] /var/workspace/HRMS-PHP/tests/loginCredentialTest.php:42
     [exec] 
     [exec] 59) UserEditTest::testEmptyNameFieldCheck
     [exec] Error: Class 'PHPUnit\Util\Printer' not found
     [exec] 
     [exec] /var/workspace/HRMS-PHP/tests/userEditTest.php:24
     [exec] 
     [exec] 60) UserEditTest::testEmptyEmployeeIdFieldCheck
     [exec] Error: Class 'PHPUnit\Util\Printer' not found
     [exec] 
     [exec] /var/workspace/HRMS-PHP/tests/userEditTest.php:36
     [exec] 
     [exec] 61) UserEditTest::testEmptyHRCodeFieldCheck
     [exec] Error: Class 'PHPUnit\Util\Printer' not found
     [exec] 
     [exec] /var/workspace/HRMS-PHP/tests/userEditTest.php:48
     [exec] 
     [exec] 62) UserEditTest::testEmptyGenderFieldCheck
     [exec] Error: Class 'PHPUnit\Util\Printer' not found
     [exec] 
     [exec] /var/workspace/HRMS-PHP/tests/userEditTest.php:60
     [exec] 
     [exec] 63) UserEditTest::testEmptyJoiningDateFieldCheck
     [exec] Error: Class 'PHPUnit\Util\Printer' not found
     [exec] 
     [exec] /var/workspace/HRMS-PHP/tests/userEditTest.php:72
     [exec] 
     [exec] 64) UserEditTest::testEmptyCreatedByFieldCheck
     [exec] Error: Class 'PHPUnit\Util\Printer' not found
     [exec] 
     [exec] /var/workspace/HRMS-PHP/tests/userEditTest.php:84
     [exec] 
     [exec] 65) UserEditTest::testEmptySignedArrayFieldCheck
     [exec] Error: Class 'PHPUnit\Util\Printer' not found
     [exec] 
     [exec] /var/workspace/HRMS-PHP/tests/userEditTest.php:96
     [exec] 
     [exec] 66) UserEditTest::testEmptyEmailFieldCheck
     [exec] Error: Class 'PHPUnit\Util\Printer' not found
     [exec] 
     [exec] /var/workspace/HRMS-PHP/tests/userEditTest.php:108
     [exec] 
     [exec] 67) UserEditTest::testEmptyFirmIdFieldCheck
     [exec] Error: Class 'PHPUnit\Util\Printer' not found
     [exec] 
     [exec] /var/workspace/HRMS-PHP/tests/userEditTest.php:120
     [exec] 
     [exec] 68) UserEditTest::testEmptyUserTypeFieldCheck
     [exec] Error: Class 'PHPUnit\Util\Printer' not found
     [exec] 
     [exec] /var/workspace/HRMS-PHP/tests/userEditTest.php:132
     [exec] 
     [exec] 69) UserEditTest::testEmptyOrgIdFieldCheck
     [exec] Error: Class 'PHPUnit\Util\Printer' not found
     [exec] 
     [exec] /var/workspace/HRMS-PHP/tests/userEditTest.php:144
     [exec] 
     [exec] 70) UserEditTest::testEmptyDesignationFieldCheck
     [exec] Error: Class 'PHPUnit\Util\Printer' not found
     [exec] 
     [exec] /var/workspace/HRMS-PHP/tests/userEditTest.php:156
     [exec] 
     [exec] 71) UserEditTest::testEmptyWorkingHoursFieldCheck
     [exec] Error: Class 'PHPUnit\Util\Printer' not found
     [exec] 
     [exec] /var/workspace/HRMS-PHP/tests/userEditTest.php:168
     [exec] 
     [exec] 72) UserEditTest::testEmptyMonthlyAllotedHoursFieldCheck
     [exec] Error: Class 'PHPUnit\Util\Printer' not found
     [exec] 
     [exec] /var/workspace/HRMS-PHP/tests/userEditTest.php:180
     [exec] 
     [exec] 73) UserEditTest::testEmptyOverridesFieldCheck
     [exec] Error: Class 'PHPUnit\Util\Printer' not found
     [exec] 
     [exec] /var/workspace/HRMS-PHP/tests/userEditTest.php:192
     [exec] 
     [exec] 74) UserEditTest::testEmptySyncoinFieldCheck
     [exec] Error: Class 'PHPUnit\Util\Printer' not found
     [exec] 
     [exec] /var/workspace/HRMS-PHP/tests/userEditTest.php:204
     [exec] 
     [exec] 75) UserEditTest::testEmptyReportingTimeFieldCheck
     [exec] Error: Class 'PHPUnit\Util\Printer' not found
     [exec] 
     [exec] /var/workspace/HRMS-PHP/tests/userEditTest.php:216
     [exec] 
     [exec] 76) UserEditTest::testEmptyReportingManagerFieldCheck
     [exec] Error: Class 'PHPUnit\Util\Printer' not found
     [exec] 
     [exec] /var/workspace/HRMS-PHP/tests/userEditTest.php:228
     [exec] 
     [exec] 77) UserEditTest::testEmptyCasualLeaveFieldCheck
     [exec] Error: Class 'PHPUnit\Util\Printer' not found
     [exec] 
     [exec] /var/workspace/HRMS-PHP/tests/userEditTest.php:240
     [exec] 
     [exec] 78) UserEditTest::testEmptyExtendedLeaveFieldCheck
     [exec] Error: Class 'PHPUnit\Util\Printer' not found
     [exec] 
     [exec] /var/workspace/HRMS-PHP/tests/userEditTest.php:252
     [exec] 
     [exec] 79) UserEditTest::testEmptyEmergencyLeaveFieldCheck
     [exec] Error: Class 'PHPUnit\Util\Printer' not found
     [exec] 
     [exec] /var/workspace/HRMS-PHP/tests/userEditTest.php:264
     [exec] 
     [exec] 80) UserEditTest::testEmptyCompensationOffFieldCheck
     [exec] Error: Class 'PHPUnit\Util\Printer' not found
     [exec] 
     [exec] /var/workspace/HRMS-PHP/tests/userEditTest.php:276
     [exec] 
     [exec] 81) UserEditTest::testEmptyRoleFieldCheck
     [exec] Error: Class 'PHPUnit\Util\Printer' not found
     [exec] 
     [exec] /var/workspace/HRMS-PHP/tests/userEditTest.php:288
     [exec] 
     [exec] 82) UserEditTest::testEmptyUserIdFieldCheck
     [exec] Error: Class 'PHPUnit\Util\Printer' not found
     [exec] 
     [exec] /var/workspace/HRMS-PHP/tests/userEditTest.php:300
     [exec] 
     [exec] 83) UserEditTest::testNotEmptyUserIdFieldFieldCheck
     [exec] Error: Class 'PHPUnit\Util\Printer' not found
     [exec] 
     [exec] /var/workspace/HRMS-PHP/tests/userEditTest.php:315
     [exec] 
     [exec] 84) UserEditTest::testNotEmptyNameFieldCheck
     [exec] Error: Class 'PHPUnit\Util\Printer' not found
     [exec] 
     [exec] /var/workspace/HRMS-PHP/tests/userEditTest.php:327
     [exec] 
     [exec] 85) UserEditTest::testNotEmptyEmployeeIdFieldCheck
     [exec] Error: Class 'PHPUnit\Util\Printer' not found
     [exec] 
     [exec] /var/workspace/HRMS-PHP/tests/userEditTest.php:339
     [exec] 
     [exec] 86) UserEditTest::testNotEmptyHRCodeFieldCheck
     [exec] Error: Class 'PHPUnit\Util\Printer' not found
     [exec] 
     [exec] /var/workspace/HRMS-PHP/tests/userEditTest.php:351
     [exec] 
     [exec] 87) UserEditTest::testNotEmptyGenderFieldCheck
     [exec] Error: Class 'PHPUnit\Util\Printer' not found
     [exec] 
     [exec] /var/workspace/HRMS-PHP/tests/userEditTest.php:363
     [exec] 
     [exec] 88) UserEditTest::testNotEmptyJoiningDateFieldCheck
     [exec] Error: Class 'PHPUnit\Util\Printer' not found
     [exec] 
     [exec] /var/workspace/HRMS-PHP/tests/userEditTest.php:375
     [exec] 
     [exec] 89) UserEditTest::testNotEmptyCreatedByFieldCheck
     [exec] Error: Class 'PHPUnit\Util\Printer' not found
     [exec] 
     [exec] /var/workspace/HRMS-PHP/tests/userEditTest.php:387
     [exec] 
     [exec] 90) UserEditTest::testNotEmptySignedArrayFieldCheck
     [exec] Error: Class 'PHPUnit\Util\Printer' not found
     [exec] 
     [exec] /var/workspace/HRMS-PHP/tests/userEditTest.php:399
     [exec] 
     [exec] 91) UserEditTest::testNotEmptyEmailFieldCheck
     [exec] Error: Class 'PHPUnit\Util\Printer' not found
     [exec] 
     [exec] /var/workspace/HRMS-PHP/tests/userEditTest.php:411
     [exec] 
     [exec] 92) UserEditTest::testNotEmptyFirmIdFieldCheck
     [exec] Error: Class 'PHPUnit\Util\Printer' not found
     [exec] 
     [exec] /var/workspace/HRMS-PHP/tests/userEditTest.php:423
     [exec] 
     [exec] 93) UserEditTest::testNotEmptyUserTypeFieldCheck
     [exec] Error: Class 'PHPUnit\Util\Printer' not found
     [exec] 
     [exec] /var/workspace/HRMS-PHP/tests/userEditTest.php:435
     [exec] 
     [exec] 94) UserEditTest::testNotEmptyOrgIdFieldCheck
     [exec] Error: Class 'PHPUnit\Util\Printer' not found
     [exec] 
     [exec] /var/workspace/HRMS-PHP/tests/userEditTest.php:447
     [exec] 
     [exec] 95) UserEditTest::testNotEmptyDesignationFieldCheck
     [exec] Error: Class 'PHPUnit\Util\Printer' not found
     [exec] 
     [exec] /var/workspace/HRMS-PHP/tests/userEditTest.php:459
     [exec] 
     [exec] 96) UserEditTest::testNotEmptyWorkingHoursFieldCheck
     [exec] Error: Class 'PHPUnit\Util\Printer' not found
     [exec] 
     [exec] /var/workspace/HRMS-PHP/tests/userEditTest.php:471
     [exec] 
     [exec] 97) UserEditTest::testNotEmptyMonthlyAllottedHoursFieldCheck
     [exec] Error: Class 'PHPUnit\Util\Printer' not found
     [exec] 
     [exec] /var/workspace/HRMS-PHP/tests/userEditTest.php:483
     [exec] 
     [exec] 98) UserEditTest::testNotEmptyOverridesFieldCheck
     [exec] Error: Class 'PHPUnit\Util\Printer' not found
     [exec] 
     [exec] /var/workspace/HRMS-PHP/tests/userEditTest.php:495
     [exec] 
     [exec] 99) UserEditTest::testNotEmptySyncoinFieldCheck
     [exec] Error: Class 'PHPUnit\Util\Printer' not found
     [exec] 
     [exec] /var/workspace/HRMS-PHP/tests/userEditTest.php:507
     [exec] 
     [exec] 100) UserEditTest::testNotEmptyReportingTimeFieldCheck
     [exec] Error: Class 'PHPUnit\Util\Printer' not found
     [exec] 
     [exec] /var/workspace/HRMS-PHP/tests/userEditTest.php:519
     [exec] 
     [exec] 101) UserEditTest::testNotEmptyReportingManagerFieldCheck
     [exec] Error: Class 'PHPUnit\Util\Printer' not found
     [exec] 
     [exec] /var/workspace/HRMS-PHP/tests/userEditTest.php:531
     [exec] 
     [exec] 102) UserEditTest::testNotEmptyCasualLeaveFieldCheck
     [exec] Error: Class 'PHPUnit\Util\Printer' not found
     [exec] 
     [exec] /var/workspace/HRMS-PHP/tests/userEditTest.php:543
     [exec] 
     [exec] 103) UserEditTest::testNotEmptyExtendedLeaveFieldCheck
     [exec] Error: Class 'PHPUnit\Util\Printer' not found
     [exec] 
     [exec] /var/workspace/HRMS-PHP/tests/userEditTest.php:555
     [exec] 
     [exec] 104) UserEditTest::testNotEmptyEmergencyLeaveFieldCheck
     [exec] Error: Class 'PHPUnit\Util\Printer' not found
     [exec] 
     [exec] /var/workspace/HRMS-PHP/tests/userEditTest.php:567
     [exec] 
     [exec] 105) UserEditTest::testNotEmptyCompensationOffFieldCheck
     [exec] Error: Class 'PHPUnit\Util\Printer' not found
     [exec] 
     [exec] /var/workspace/HRMS-PHP/tests/userEditTest.php:579
     [exec] 
     [exec] 106) UserEditTest::testNotEmptyRoleFieldCheck
     [exec] Error: Class 'PHPUnit\Util\Printer' not found
     [exec] 
     [exec] /var/workspace/HRMS-PHP/tests/userEditTest.php:591
     [exec] 
     [exec] 107) UserEditTest::testValidStringValue
     [exec] Error: Class 'PHPUnit\Util\Printer' not found
     [exec] 
     [exec] /var/workspace/HRMS-PHP/tests/userEditTest.php:606
     [exec] 
     [exec] 108) UserEditTest::testInvalidStringValue
     [exec] Error: Class 'PHPUnit\Util\Printer' not found
     [exec] 
     [exec] /var/workspace/HRMS-PHP/tests/userEditTest.php:619
     [exec] 
     [exec] 109) UserEditTest::testValidFloatValue
     [exec] Error: Class 'PHPUnit\Util\Printer' not found
     [exec] 
     [exec] /var/workspace/HRMS-PHP/tests/userEditTest.php:640
     [exec] 
     [exec] 110) UserEditTest::testInValidFloatValue
     [exec] Error: Class 'PHPUnit\Util\Printer' not found
     [exec] 
     [exec] /var/workspace/HRMS-PHP/tests/userEditTest.php:662
     [exec] 
     [exec] 111) UserEditTest::testValidIntValue
     [exec] Error: Class 'PHPUnit\Util\Printer' not found
     [exec] 
     [exec] /var/workspace/HRMS-PHP/tests/userEditTest.php:699
     [exec] 
     [exec] 112) UserEditTest::testInValidIntValue
     [exec] Error: Class 'PHPUnit\Util\Printer' not found
     [exec] 
     [exec] /var/workspace/HRMS-PHP/tests/userEditTest.php:736
     [exec] 
     [exec] 113) UserEditTest::testValidEmailFormat
     [exec] Error: Class 'PHPUnit\Util\Printer' not found
     [exec] 
     [exec] /var/workspace/HRMS-PHP/tests/userEditTest.php:750
     [exec] 
     [exec] 114) UserEditTest::testInValidEmailFormat
     [exec] Error: Class 'PHPUnit\Util\Printer' not found
     [exec] 
     [exec] /var/workspace/HRMS-PHP/tests/userEditTest.php:763
     [exec] 
     [exec] 115) UserEditTest::testValidDateFormat
     [exec] Error: Class 'PHPUnit\Util\Printer' not found
     [exec] 
     [exec] /var/workspace/HRMS-PHP/tests/userEditTest.php:776
     [exec] 
     [exec] 116) UserEditTest::testInValidDateFormat
     [exec] Error: Class 'PHPUnit\Util\Printer' not found
     [exec] 
     [exec] /var/workspace/HRMS-PHP/tests/userEditTest.php:789
     [exec] 
     [exec] 117) UserEditTest::testValidTimeFormat
     [exec] Error: Class 'PHPUnit\Util\Printer' not found
     [exec] 
     [exec] /var/workspace/HRMS-PHP/tests/userEditTest.php:802
     [exec] 
     [exec] 118) UserEditTest::testInValidTimeFormat
     [exec] Error: Class 'PHPUnit\Util\Printer' not found
     [exec] 
     [exec] /var/workspace/HRMS-PHP/tests/userEditTest.php:815
     [exec] 
     [exec] 119) UserEditTest::testValidDesignation
     [exec] Error: Class 'PHPUnit\Util\Printer' not found
     [exec] 
     [exec] /var/workspace/HRMS-PHP/tests/userEditTest.php:828
     [exec] 
     [exec] 120) UserEditTest::testValidEmplyeeId
     [exec] Error: Class 'PHPUnit\Util\Printer' not found
     [exec] 
     [exec] /var/workspace/HRMS-PHP/tests/userEditTest.php:841
     [exec] 
     [exec] 121) UserEditTest::testInValidDesignation
     [exec] Error: Class 'PHPUnit\Util\Printer' not found
     [exec] 
     [exec] /var/workspace/HRMS-PHP/tests/userEditTest.php:855
     [exec] 
     [exec] 122) UserEditTest::testInValidEmplyeeId
     [exec] Error: Class 'PHPUnit\Util\Printer' not found
     [exec] 
     [exec] /var/workspace/HRMS-PHP/tests/userEditTest.php:868
     [exec] 
     [exec] 123) UserEditTest::testUserType
     [exec] Error: Class 'PHPUnit\Util\Printer' not found
     [exec] 
     [exec] /var/workspace/HRMS-PHP/tests/userEditTest.php:882
     [exec] 
     [exec] 124) UserEditTest::testUserFirm
     [exec] Error: Class 'PHPUnit\Util\Printer' not found
     [exec] 
     [exec] /var/workspace/HRMS-PHP/tests/userEditTest.php:896
     [exec] 
     [exec] 125) UserEditTest::testUserOrg
     [exec] Error: Class 'PHPUnit\Util\Printer' not found
     [exec] 
     [exec] /var/workspace/HRMS-PHP/tests/userEditTest.php:910
     [exec] 
     [exec] 126) UserEditTest::testUserNotUniqueId
     [exec] Error: Class 'PHPUnit\Util\Printer' not found
     [exec] 
     [exec] /var/workspace/HRMS-PHP/tests/userEditTest.php:933
     [exec] 
     [exec] 127) UserEditTest::testUserNotUniqueEmail
     [exec] Error: Class 'PHPUnit\Util\Printer' not found
     [exec] 
     [exec] /var/workspace/HRMS-PHP/tests/userEditTest.php:958
     [exec] 
     [exec] 128) UserEditTest::testUserOverrides
     [exec] Error: Class 'PHPUnit\Util\Printer' not found
     [exec] 
     [exec] /var/workspace/HRMS-PHP/tests/userEditTest.php:981
     [exec] 
     [exec] 129) UserEditTest::testUserTeamLead
     [exec] Error: Class 'PHPUnit\Util\Printer' not found
     [exec] 
     [exec] /var/workspace/HRMS-PHP/tests/userEditTest.php:997
     [exec] 
     [exec] 130) UserEditTest::testUserMonthlyAllottedHrs
     [exec] Error: Class 'PHPUnit\Util\Printer' not found
     [exec] 
     [exec] /var/workspace/HRMS-PHP/tests/userEditTest.php:1011
     [exec] 
     [exec] 131) UserEditTest::testUserWorkingHrs
     [exec] Error: Class 'PHPUnit\Util\Printer' not found
     [exec] 
     [exec] /var/workspace/HRMS-PHP/tests/userEditTest.php:1033
     [exec] 
     [exec] 132) UserEditTest::testUserJoining_LeaveDate
     [exec] Error: Class 'PHPUnit\Util\Printer' not found
     [exec] 
     [exec] /var/workspace/HRMS-PHP/tests/userEditTest.php:1048
     [exec] 
     [exec] 133) UserEditTest::testCasualLeave
     [exec] Error: Class 'PHPUnit\Util\Printer' not found
     [exec] 
     [exec] /var/workspace/HRMS-PHP/tests/userEditTest.php:1063
     [exec] 
     [exec] 134) UserEditTest::testExtendedLeave
     [exec] Error: Class 'PHPUnit\Util\Printer' not found
     [exec] 
     [exec] /var/workspace/HRMS-PHP/tests/userEditTest.php:1078
     [exec] 
     [exec] 135) UserEditTest::testEmergencyLeave
     [exec] Error: Class 'PHPUnit\Util\Printer' not found
     [exec] 
     [exec] /var/workspace/HRMS-PHP/tests/userEditTest.php:1093
     [exec] 
     [exec] 136) UserEditTest::testCompensationOffLeave
     [exec] Error: Class 'PHPUnit\Util\Printer' not found
     [exec] 
     [exec] /var/workspace/HRMS-PHP/tests/userEditTest.php:1108
     [exec] 
     [exec] 137) UserEditTest::testEditUser
     [exec] Error: Class 'PHPUnit\Util\Printer' not found
     [exec] 
     [exec] /var/workspace/HRMS-PHP/tests/userEditTest.php:1121
     [exec] 
     [exec] 138) ViewUserTest::testEmptyHRCodeFieldCheck
     [exec] Error: Class 'PHPUnit\Util\Printer' not found
     [exec] 
     [exec] /var/workspace/HRMS-PHP/tests/viewUserTest.php:21
     [exec] 
     [exec] 139) ViewUserTest::testEmptySignedArrayFieldCheck
     [exec] Error: Class 'PHPUnit\Util\Printer' not found
     [exec] 
     [exec] /var/workspace/HRMS-PHP/tests/viewUserTest.php:33
     [exec] 
     [exec] 140) ViewUserTest::testEmptyUserIdFieldCheck
     [exec] Error: Class 'PHPUnit\Util\Printer' not found
     [exec] 
     [exec] /var/workspace/HRMS-PHP/tests/viewUserTest.php:45
     [exec] 
     [exec] 141) ViewUserTest::testNotEmptyUserIdFieldFieldCheck
     [exec] Error: Class 'PHPUnit\Util\Printer' not found
     [exec] 
     [exec] /var/workspace/HRMS-PHP/tests/viewUserTest.php:60
     [exec] 
     [exec] 142) ViewUserTest::testNotEmptyHRCodeFieldCheck
     [exec] Error: Class 'PHPUnit\Util\Printer' not found
     [exec] 
     [exec] /var/workspace/HRMS-PHP/tests/viewUserTest.php:72
     [exec] 
     [exec] 143) ViewUserTest::testNotEmptySignedArrayFieldCheck
     [exec] Error: Class 'PHPUnit\Util\Printer' not found
     [exec] 
     [exec] /var/workspace/HRMS-PHP/tests/viewUserTest.php:84
     [exec] 
     [exec] 144) ViewUserTest::testValidIntValue
     [exec] Error: Class 'PHPUnit\Util\Printer' not found
     [exec] 
     [exec] /var/workspace/HRMS-PHP/tests/viewUserTest.php:100
     [exec] 
     [exec] 145) ViewUserTest::testInValidIntValue
     [exec] Error: Class 'PHPUnit\Util\Printer' not found
     [exec] 
     [exec] /var/workspace/HRMS-PHP/tests/viewUserTest.php:113
     [exec] 
     [exec] 146) ViewUserTest::testUserIdExists
     [exec] Error: Class 'PHPUnit\Util\Printer' not found
     [exec] 
     [exec] /var/workspace/HRMS-PHP/tests/viewUserTest.php:127
     [exec] 
     [exec] 147) ViewUserTest::testGetUserData
     [exec] Error: Class 'PHPUnit\Util\Printer' not found
     [exec] 
     [exec] /var/workspace/HRMS-PHP/tests/viewUserTest.php:141
     [exec] 
     [exec] 148) UserRegistrationTest::testEmptyNameFieldCheck
     [exec] Error: Class 'PHPUnit\Util\Printer' not found
     [exec] 
     [exec] /var/workspace/HRMS-PHP/tests/userRegistrationTest.php:37
     [exec] 
     [exec] 149) UserRegistrationTest::testEmptyEmployeeIdFieldCheck
     [exec] Error: Class 'PHPUnit\Util\Printer' not found
     [exec] 
     [exec] /var/workspace/HRMS-PHP/tests/userRegistrationTest.php:49
     [exec] 
     [exec] 150) UserRegistrationTest::testEmptyHRCodeFieldCheck
     [exec] Error: Class 'PHPUnit\Util\Printer' not found
     [exec] 
     [exec] /var/workspace/HRMS-PHP/tests/userRegistrationTest.php:61
     [exec] 
     [exec] 151) UserRegistrationTest::testEmptyGenderFieldCheck
     [exec] Error: Class 'PHPUnit\Util\Printer' not found
     [exec] 
     [exec] /var/workspace/HRMS-PHP/tests/userRegistrationTest.php:73
     [exec] 
     [exec] 152) UserRegistrationTest::testEmptyJoiningDateFieldCheck
     [exec] Error: Class 'PHPUnit\Util\Printer' not found
     [exec] 
     [exec] /var/workspace/HRMS-PHP/tests/userRegistrationTest.php:85
     [exec] 
     [exec] 153) UserRegistrationTest::testEmptyCreatedByFieldCheck
     [exec] Error: Class 'PHPUnit\Util\Printer' not found
     [exec] 
     [exec] /var/workspace/HRMS-PHP/tests/userRegistrationTest.php:97
     [exec] 
     [exec] 154) UserRegistrationTest::testEmptySignedArrayFieldCheck
     [exec] Error: Class 'PHPUnit\Util\Printer' not found
     [exec] 
     [exec] /var/workspace/HRMS-PHP/tests/userRegistrationTest.php:109
     [exec] 
     [exec] 155) UserRegistrationTest::testEmptyEmailFieldCheck
     [exec] Error: Class 'PHPUnit\Util\Printer' not found
     [exec] 
     [exec] /var/workspace/HRMS-PHP/tests/userRegistrationTest.php:121
     [exec] 
     [exec] 156) UserRegistrationTest::testEmptyFirmIdFieldCheck
     [exec] Error: Class 'PHPUnit\Util\Printer' not found
     [exec] 
     [exec] /var/workspace/HRMS-PHP/tests/userRegistrationTest.php:133
     [exec] 
     [exec] 157) UserRegistrationTest::testEmptyUserTypeFieldCheck
     [exec] Error: Class 'PHPUnit\Util\Printer' not found
     [exec] 
     [exec] /var/workspace/HRMS-PHP/tests/userRegistrationTest.php:145
     [exec] 
     [exec] 158) UserRegistrationTest::testEmptyOrgIdFieldCheck
     [exec] Error: Class 'PHPUnit\Util\Printer' not found
     [exec] 
     [exec] /var/workspace/HRMS-PHP/tests/userRegistrationTest.php:157
     [exec] 
     [exec] 159) UserRegistrationTest::testEmptyDesignationFieldCheck
     [exec] Error: Class 'PHPUnit\Util\Printer' not found
     [exec] 
     [exec] /var/workspace/HRMS-PHP/tests/userRegistrationTest.php:169
     [exec] 
     [exec] 160) UserRegistrationTest::testEmptyWorkingHoursFieldCheck
     [exec] Error: Class 'PHPUnit\Util\Printer' not found
     [exec] 
     [exec] /var/workspace/HRMS-PHP/tests/userRegistrationTest.php:181
     [exec] 
     [exec] 161) UserRegistrationTest::testEmptyMonthlyAllotedHoursFieldCheck
     [exec] Error: Class 'PHPUnit\Util\Printer' not found
     [exec] 
     [exec] /var/workspace/HRMS-PHP/tests/userRegistrationTest.php:193
     [exec] 
     [exec] 162) UserRegistrationTest::testEmptyOverridesFieldCheck
     [exec] Error: Class 'PHPUnit\Util\Printer' not found
     [exec] 
     [exec] /var/workspace/HRMS-PHP/tests/userRegistrationTest.php:205
     [exec] 
     [exec] 163) UserRegistrationTest::testEmptySyncoinFieldCheck
     [exec] Error: Class 'PHPUnit\Util\Printer' not found
     [exec] 
     [exec] /var/workspace/HRMS-PHP/tests/userRegistrationTest.php:217
     [exec] 
     [exec] 164) UserRegistrationTest::testEmptyReportingTimeFieldCheck
     [exec] Error: Class 'PHPUnit\Util\Printer' not found
     [exec] 
     [exec] /var/workspace/HRMS-PHP/tests/userRegistrationTest.php:229
     [exec] 
     [exec] 165) UserRegistrationTest::testEmptyReportingManagerFieldCheck
     [exec] Error: Class 'PHPUnit\Util\Printer' not found
     [exec] 
     [exec] /var/workspace/HRMS-PHP/tests/userRegistrationTest.php:241
     [exec] 
     [exec] 166) UserRegistrationTest::testEmptyCasualLeaveFieldCheck
     [exec] Error: Class 'PHPUnit\Util\Printer' not found
     [exec] 
     [exec] /var/workspace/HRMS-PHP/tests/userRegistrationTest.php:253
     [exec] 
     [exec] 167) UserRegistrationTest::testEmptyExtendedLeaveFieldCheck
     [exec] Error: Class 'PHPUnit\Util\Printer' not found
     [exec] 
     [exec] /var/workspace/HRMS-PHP/tests/userRegistrationTest.php:265
     [exec] 
     [exec] 168) UserRegistrationTest::testEmptyEmergencyLeaveFieldCheck
     [exec] Error: Class 'PHPUnit\Util\Printer' not found
     [exec] 
     [exec] /var/workspace/HRMS-PHP/tests/userRegistrationTest.php:277
     [exec] 
     [exec] 169) UserRegistrationTest::testEmptyCompensationOffFieldCheck
     [exec] Error: Class 'PHPUnit\Util\Printer' not found
     [exec] 
     [exec] /var/workspace/HRMS-PHP/tests/userRegistrationTest.php:289
     [exec] 
     [exec] 170) UserRegistrationTest::testEmptyRoleFieldCheck
     [exec] Error: Class 'PHPUnit\Util\Printer' not found
     [exec] 
     [exec] /var/workspace/HRMS-PHP/tests/userRegistrationTest.php:301
     [exec] 
     [exec] 171) UserRegistrationTest::testNotEmptyNameFieldCheck
     [exec] Error: Class 'PHPUnit\Util\Printer' not found
     [exec] 
     [exec] /var/workspace/HRMS-PHP/tests/userRegistrationTest.php:316
     [exec] 
     [exec] 172) UserRegistrationTest::testNotEmptyEmployeeIdFieldCheck
     [exec] Error: Class 'PHPUnit\Util\Printer' not found
     [exec] 
     [exec] /var/workspace/HRMS-PHP/tests/userRegistrationTest.php:328
     [exec] 
     [exec] 173) UserRegistrationTest::testNotEmptyHRCodeFieldCheck
     [exec] Error: Class 'PHPUnit\Util\Printer' not found
     [exec] 
     [exec] /var/workspace/HRMS-PHP/tests/userRegistrationTest.php:340
     [exec] 
     [exec] 174) UserRegistrationTest::testNotEmptyGenderFieldCheck
     [exec] Error: Class 'PHPUnit\Util\Printer' not found
     [exec] 
     [exec] /var/workspace/HRMS-PHP/tests/userRegistrationTest.php:352
     [exec] 
     [exec] 175) UserRegistrationTest::testNotEmptyJoiningDateFieldCheck
     [exec] Error: Class 'PHPUnit\Util\Printer' not found
     [exec] 
     [exec] /var/workspace/HRMS-PHP/tests/userRegistrationTest.php:364
     [exec] 
     [exec] 176) UserRegistrationTest::testNotEmptyCreatedByFieldCheck
     [exec] Error: Class 'PHPUnit\Util\Printer' not found
     [exec] 
     [exec] /var/workspace/HRMS-PHP/tests/userRegistrationTest.php:376
     [exec] 
     [exec] 177) UserRegistrationTest::testNotEmptySignedArrayFieldCheck
     [exec] Error: Class 'PHPUnit\Util\Printer' not found
     [exec] 
     [exec] /var/workspace/HRMS-PHP/tests/userRegistrationTest.php:388
     [exec] 
     [exec] 178) UserRegistrationTest::testNotEmptyEmailFieldCheck
     [exec] Error: Class 'PHPUnit\Util\Printer' not found
     [exec] 
     [exec] /var/workspace/HRMS-PHP/tests/userRegistrationTest.php:400
     [exec] 
     [exec] 179) UserRegistrationTest::testNotEmptyFirmIdFieldCheck
     [exec] Error: Class 'PHPUnit\Util\Printer' not found
     [exec] 
     [exec] /var/workspace/HRMS-PHP/tests/userRegistrationTest.php:412
     [exec] 
     [exec] 180) UserRegistrationTest::testNotEmptyUserTypeFieldCheck
     [exec] Error: Class 'PHPUnit\Util\Printer' not found
     [exec] 
     [exec] /var/workspace/HRMS-PHP/tests/userRegistrationTest.php:424
     [exec] 
     [exec] 181) UserRegistrationTest::testNotEmptyOrgIdFieldCheck
     [exec] Error: Class 'PHPUnit\Util\Printer' not found
     [exec] 
     [exec] /var/workspace/HRMS-PHP/tests/userRegistrationTest.php:436
     [exec] 
     [exec] 182) UserRegistrationTest::testNotEmptyDesignationFieldCheck
     [exec] Error: Class 'PHPUnit\Util\Printer' not found
     [exec] 
     [exec] /var/workspace/HRMS-PHP/tests/userRegistrationTest.php:448
     [exec] 
     [exec] 183) UserRegistrationTest::testNotEmptyWorkingHoursFieldCheck
     [exec] Error: Class 'PHPUnit\Util\Printer' not found
     [exec] 
     [exec] /var/workspace/HRMS-PHP/tests/userRegistrationTest.php:460
     [exec] 
     [exec] 184) UserRegistrationTest::testNotEmptyMonthlyAllottedHoursFieldCheck
     [exec] Error: Class 'PHPUnit\Util\Printer' not found
     [exec] 
     [exec] /var/workspace/HRMS-PHP/tests/userRegistrationTest.php:472
     [exec] 
     [exec] 185) UserRegistrationTest::testNotEmptyOverridesFieldCheck
     [exec] Error: Class 'PHPUnit\Util\Printer' not found
     [exec] 
     [exec] /var/workspace/HRMS-PHP/tests/userRegistrationTest.php:484
     [exec] 
     [exec] 186) UserRegistrationTest::testNotEmptySyncoinFieldCheck
     [exec] Error: Class 'PHPUnit\Util\Printer' not found
     [exec] 
     [exec] /var/workspace/HRMS-PHP/tests/userRegistrationTest.php:496
     [exec] 
     [exec] 187) UserRegistrationTest::testNotEmptyReportingTimeFieldCheck
     [exec] Error: Class 'PHPUnit\Util\Printer' not found
     [exec] 
     [exec] /var/workspace/HRMS-PHP/tests/userRegistrationTest.php:508
     [exec] 
     [exec] 188) UserRegistrationTest::testNotEmptyReportingManagerFieldCheck
     [exec] Error: Class 'PHPUnit\Util\Printer' not found
     [exec] 
     [exec] /var/workspace/HRMS-PHP/tests/userRegistrationTest.php:520
     [exec] 
     [exec] 189) UserRegistrationTest::testNotEmptyCasualLeaveFieldCheck
     [exec] Error: Class 'PHPUnit\Util\Printer' not found
     [exec] 
     [exec] /var/workspace/HRMS-PHP/tests/userRegistrationTest.php:532
     [exec] 
     [exec] 190) UserRegistrationTest::testNotEmptyExtendedLeaveFieldCheck
     [exec] Error: Class 'PHPUnit\Util\Printer' not found
     [exec] 
     [exec] /var/workspace/HRMS-PHP/tests/userRegistrationTest.php:544
     [exec] 
     [exec] 191) UserRegistrationTest::testNotEmptyEmergencyLeaveFieldCheck
     [exec] Error: Class 'PHPUnit\Util\Printer' not found
     [exec] 
     [exec] /var/workspace/HRMS-PHP/tests/userRegistrationTest.php:556
     [exec] 
     [exec] 192) UserRegistrationTest::testNotEmptyCompensationOffFieldCheck
     [exec] Error: Class 'PHPUnit\Util\Printer' not found
     [exec] 
     [exec] /var/workspace/HRMS-PHP/tests/userRegistrationTest.php:568
     [exec] 
     [exec] 193) UserRegistrationTest::testNotEmptyRoleFieldCheck
     [exec] Error: Class 'PHPUnit\Util\Printer' not found
     [exec] 
     [exec] /var/workspace/HRMS-PHP/tests/userRegistrationTest.php:580
     [exec] 
     [exec] 194) UserRegistrationTest::testValidEmplyeeId
     [exec] Error: Class 'PHPUnit\Util\Printer' not found
     [exec] 
     [exec] /var/workspace/HRMS-PHP/tests/userRegistrationTest.php:596
     [exec] 
     [exec] 195) UserRegistrationTest::testInValidEmplyeeId
     [exec] Error: Class 'PHPUnit\Util\Printer' not found
     [exec] 
     [exec] /var/workspace/HRMS-PHP/tests/userRegistrationTest.php:609
     [exec] 
     [exec] 196) UserRegistrationTest::testValidStringValue
     [exec] Error: Class 'PHPUnit\Util\Printer' not found
     [exec] 
     [exec] /var/workspace/HRMS-PHP/tests/userRegistrationTest.php:622
     [exec] 
     [exec] 197) UserRegistrationTest::testInvalidStringValue
     [exec] Error: Class 'PHPUnit\Util\Printer' not found
     [exec] 
     [exec] /var/workspace/HRMS-PHP/tests/userRegistrationTest.php:635
     [exec] 
     [exec] 198) UserRegistrationTest::testValidFloatValue
     [exec] Error: Class 'PHPUnit\Util\Printer' not found
     [exec] 
     [exec] /var/workspace/HRMS-PHP/tests/userRegistrationTest.php:656
     [exec] 
     [exec] 199) UserRegistrationTest::testInValidFloatValue
     [exec] Error: Class 'PHPUnit\Util\Printer' not found
     [exec] 
     [exec] /var/workspace/HRMS-PHP/tests/userRegistrationTest.php:678
     [exec] 
     [exec] 200) UserRegistrationTest::testValidIntValue
     [exec] Error: Class 'PHPUnit\Util\Printer' not found
     [exec] 
     [exec] /var/workspace/HRMS-PHP/tests/userRegistrationTest.php:715
     [exec] 
     [exec] 201) UserRegistrationTest::testInValidIntValue
     [exec] Error: Class 'PHPUnit\Util\Printer' not found
     [exec] 
     [exec] /var/workspace/HRMS-PHP/tests/userRegistrationTest.php:752
     [exec] 
     [exec] 202) UserRegistrationTest::testValidEmailFormat
     [exec] Error: Class 'PHPUnit\Util\Printer' not found
     [exec] 
     [exec] /var/workspace/HRMS-PHP/tests/userRegistrationTest.php:766
     [exec] 
     [exec] 203) UserRegistrationTest::testInValidEmailFormat
     [exec] Error: Class 'PHPUnit\Util\Printer' not found
     [exec] 
     [exec] /var/workspace/HRMS-PHP/tests/userRegistrationTest.php:779
     [exec] 
     [exec] 204) UserRegistrationTest::testValidDateFormat
     [exec] Error: Class 'PHPUnit\Util\Printer' not found
     [exec] 
     [exec] /var/workspace/HRMS-PHP/tests/userRegistrationTest.php:792
     [exec] 
     [exec] 205) UserRegistrationTest::testInValidDateFormat
     [exec] Error: Class 'PHPUnit\Util\Printer' not found
     [exec] 
     [exec] /var/workspace/HRMS-PHP/tests/userRegistrationTest.php:805
     [exec] 
     [exec] 206) UserRegistrationTest::testValidTimeFormat
     [exec] Error: Class 'PHPUnit\Util\Printer' not found
     [exec] 
     [exec] /var/workspace/HRMS-PHP/tests/userRegistrationTest.php:818
     [exec] 
     [exec] 207) UserRegistrationTest::testInValidTimeFormat
     [exec] Error: Class 'PHPUnit\Util\Printer' not found
     [exec] 
     [exec] /var/workspace/HRMS-PHP/tests/userRegistrationTest.php:831
     [exec] 
     [exec] 208) UserRegistrationTest::testValidDesignation
     [exec] Error: Class 'PHPUnit\Util\Printer' not found
     [exec] 
     [exec] /var/workspace/HRMS-PHP/tests/userRegistrationTest.php:844
     [exec] 
     [exec] 209) UserRegistrationTest::testInvalidDesignation
     [exec] Error: Class 'PHPUnit\Util\Printer' not found
     [exec] 
     [exec] /var/workspace/HRMS-PHP/tests/userRegistrationTest.php:857
     [exec] 
     [exec] 210) UserRegistrationTest::testUserType
     [exec] Error: Class 'PHPUnit\Util\Printer' not found
     [exec] 
     [exec] /var/workspace/HRMS-PHP/tests/userRegistrationTest.php:881
     [exec] 
     [exec] 211) UserRegistrationTest::testUserFirm
     [exec] Error: Class 'PHPUnit\Util\Printer' not found
     [exec] 
     [exec] /var/workspace/HRMS-PHP/tests/userRegistrationTest.php:899
     [exec] 
     [exec] 212) UserRegistrationTest::testUserRole
     [exec] Error: Class 'PHPUnit\Util\Printer' not found
     [exec] 
     [exec] /var/workspace/HRMS-PHP/tests/userRegistrationTest.php:923
     [exec] 
     [exec] 213) UserRegistrationTest::testUserTeamLead
     [exec] Error: Class 'PHPUnit\Util\Printer' not found
     [exec] 
     [exec] /var/workspace/HRMS-PHP/tests/userRegistrationTest.php:940
     [exec] 
     [exec] 214) UserRegistrationTest::testUserMonthlyAllottedHrs
     [exec] Error: Class 'PHPUnit\Util\Printer' not found
     [exec] 
     [exec] /var/workspace/HRMS-PHP/tests/userRegistrationTest.php:964
     [exec] 
     [exec] 215) UserRegistrationTest::testUserWorkingHrs
     [exec] Error: Class 'PHPUnit\Util\Printer' not found
     [exec] 
     [exec] /var/workspace/HRMS-PHP/tests/userRegistrationTest.php:989
     [exec] 
     [exec] 216) UserRegistrationTest::testUserNotUniqueId
     [exec] Error: Class 'PHPUnit\Util\Printer' not found
     [exec] 
     [exec] /var/workspace/HRMS-PHP/tests/userRegistrationTest.php:1017
     [exec] 
     [exec] 217) UserRegistrationTest::testUserNotUniqueEmail
     [exec] Error: Class 'PHPUnit\Util\Printer' not found
     [exec] 
     [exec] /var/workspace/HRMS-PHP/tests/userRegistrationTest.php:1045
     [exec] 
     [exec] 218) UserRegistrationTest::testCasualLeave
     [exec] Error: Class 'PHPUnit\Util\Printer' not found
     [exec] 
     [exec] /var/workspace/HRMS-PHP/tests/userRegistrationTest.php:1061
     [exec] 
     [exec] 219) UserRegistrationTest::testExtendedLeave
     [exec] Error: Class 'PHPUnit\Util\Printer' not found
     [exec] 
     [exec] /var/workspace/HRMS-PHP/tests/userRegistrationTest.php:1076
     [exec] 
     [exec] 220) UserRegistrationTest::testEmergencyLeave
     [exec] Error: Class 'PHPUnit\Util\Printer' not found
     [exec] 
     [exec] /var/workspace/HRMS-PHP/tests/userRegistrationTest.php:1091
     [exec] 
     [exec] 221) UserRegistrationTest::testCompensationOffLeave
     [exec] Error: Class 'PHPUnit\Util\Printer' not found
     [exec] 
     [exec] /var/workspace/HRMS-PHP/tests/userRegistrationTest.php:1106
     [exec] 
     [exec] 222) UserRegistrationTest::testUserOverrides
     [exec] Error: Class 'PHPUnit\Util\Printer' not found
     [exec] 
     [exec] /var/workspace/HRMS-PHP/tests/userRegistrationTest.php:1130
     [exec] 
     [exec] 223) UserRegistrationTest::testAddUser
     [exec] Error: Class 'PHPUnit\Util\Printer' not found
     [exec] 
     [exec] /var/workspace/HRMS-PHP/tests/userRegistrationTest.php:1144
     [exec] 
     [exec] ERRORS!
     [exec] Tests: 223, Assertions: 223, Errors: 223.

BUILD FAILED
/var/workspace/HRMS-PHP/build.xml:242: exec returned: 2

Total time: 17 seconds
Build step 'Execute shell' marked build as failure
Finished: FAILURE
