Started by user [8mha:////4HqSc4Rw0Cgcqnp+ci3OPIMHsb/fCQoXN6DcFqbs5AOiAAAAmB+LCAAAAAAAAP9b85aBtbiIQTGjNKU4P08vOT+vOD8nVc83PyU1x6OyILUoJzMv2y+/JJUBAhiZGBgqihhk0NSjKDWzXb3RdlLBUSYGJk8GtpzUvPSSDB8G5tKinBIGIZ+sxLJE/ZzEvHT94JKizLx0a6BxUmjGOUNodHsLgAzeEgYe/dLi1CL9lNTUgsRsAIbYXkfBAAAA[0mDeepak Thakur
Building remotely on [8mha:////4FEkpaW3ms7Dwxri83mdPS0XHfkzQK2n+4nDptluirtlAAAAnx+LCAAAAAAAAP9b85aBtbiIQTGjNKU4P08vOT+vOD8nVc83PyU1x6OyILUoJzMv2y+/JJUBAhiZGBgqihhk0NSjKDWzXb3RdlLBUSYGJk8GtpzUvPSSDB8G5tKinBIGIZ+sxLJE/ZzEvHT94JKizLx0a6BxUmjGOUNodHsLgAyuEgYR/eT83ILSktQifT+gO3WDcxLLUgGg7dn8yQAAAA==[0mNode-Slave (Node-slave) in workspace /var/workspace/Node.js-project
 > git rev-parse --is-inside-work-tree # timeout=10
Fetching changes from the remote Git repository
 > git config remote.origin.url https://github.com/SynapseLLC/09-Chronicle.git # timeout=10
Fetching upstream changes from https://github.com/SynapseLLC/09-Chronicle.git
 > git --version # timeout=10
using GIT_ASKPASS to set credentials 
 > git fetch --tags --progress https://github.com/SynapseLLC/09-Chronicle.git +refs/heads/*:refs/remotes/origin/*
 > git rev-parse refs/remotes/origin/chronical_2.0_web_api_dev^{commit} # timeout=10
 > git rev-parse refs/remotes/origin/origin/chronical_2.0_web_api_dev^{commit} # timeout=10
Checking out Revision dc114e08c6feba9399e9650844afb1c224ea2298 (refs/remotes/origin/chronical_2.0_web_api_dev)
 > git config core.sparsecheckout # timeout=10
 > git checkout -f dc114e08c6feba9399e9650844afb1c224ea2298 # timeout=25
Commit message: "commit with add academic year api changes"
 > git rev-list --no-walk dc114e08c6feba9399e9650844afb1c224ea2298 # timeout=10
[Node.js-project] $ /bin/sh -xe /tmp/jenkins8195050576889240167.sh
+ npm config set dist-url https://nodejs.org/download/release/
+ npm cache clear --force
npm WARN using --force I sure hope you know what you are doing.
+ npm install -g npm@latest
/usr/bin/npm -> /usr/lib/node_modules/npm/bin/npm-cli.js
/usr/bin/npx -> /usr/lib/node_modules/npm/bin/npx-cli.js
+ npm@6.4.1
updated 1 package in 8.789s
+ npm install
npm WARN deprecated nodemailer@2.6.4: All versions below 4.0.1 of Nodemailer are deprecated. See https://nodemailer.com/status/
npm WARN deprecated mailcomposer@3.12.0: This project is unmaintained
npm WARN deprecated socks@1.1.9: If using 2.x branch, please upgrade to at least 2.1.6 to avoid a serious bug with socket data flow and an import issue introduced in 2.1.0
npm WARN deprecated buildmail@3.10.0: This project is unmaintained
npm WARN deprecated node-uuid@1.4.8: Use uuid module instead
npm WARN read-shrinkwrap This version of npm is compatible with lockfileVersion@1, but npm-shrinkwrap.json was generated for lockfileVersion@0. I'll try to do my best with it!
removed 19 packages and audited 7360 packages in 15.566s
found 191 vulnerabilities (33 low, 133 moderate, 23 high, 2 critical)
  run `npm audit fix` to fix them, or `npm audit` for details
+ npm install fibers@latest
npm WARN read-shrinkwrap This version of npm is compatible with lockfileVersion@1, but npm-shrinkwrap.json was generated for lockfileVersion@0. I'll try to do my best with it!

> fibers@3.0.0 install /var/workspace/Node.js-project/node_modules/fibers
> node build.js || nodejs build.js

`linux-x64-57` exists; testing
Binary is fine; exiting
+ fibers@3.0.0
updated 141 packages and audited 7360 packages in 11.584s
found 191 vulnerabilities (33 low, 133 moderate, 23 high, 2 critical)
  run `npm audit fix` to fix them, or `npm audit` for details
+ npm install fcm-node
npm WARN deprecated hoek@2.16.3: The major version is no longer supported. Please update to 4.x or newer
+ fcm-node@1.2.1
updated 147 packages and audited 7360 packages in 14.351s
found 191 vulnerabilities (33 low, 133 moderate, 23 high, 2 critical)
  run `npm audit fix` to fix them, or `npm audit` for details
+ npm install wait.for
npm WARN read-shrinkwrap This version of npm is compatible with lockfileVersion@1, but npm-shrinkwrap.json was generated for lockfileVersion@0. I'll try to do my best with it!
+ wait.for@0.6.6
updated 141 packages and audited 7360 packages in 9.924s
found 191 vulnerabilities (33 low, 133 moderate, 23 high, 2 critical)
  run `npm audit fix` to fix them, or `npm audit` for details
+ npm install supertest
npm WARN read-shrinkwrap This version of npm is compatible with lockfileVersion@1, but npm-shrinkwrap.json was generated for lockfileVersion@0. I'll try to do my best with it!
+ supertest@3.3.0
added 13 packages from 11 contributors, updated 140 packages and audited 7387 packages in 10.611s
found 191 vulnerabilities (33 low, 133 moderate, 23 high, 2 critical)
  run `npm audit fix` to fix them, or `npm audit` for details
+ npm install should
npm WARN read-shrinkwrap This version of npm is compatible with lockfileVersion@1, but npm-shrinkwrap.json was generated for lockfileVersion@0. I'll try to do my best with it!
+ should@13.2.3
added 6 packages from 2 contributors, updated 140 packages and audited 7400 packages in 9.881s
found 191 vulnerabilities (33 low, 133 moderate, 23 high, 2 critical)
  run `npm audit fix` to fix them, or `npm audit` for details
+ chmod 755 -R /var/workspace/Node.js-project
+ npm test

> chronical_webservice@0.0.0 test /var/workspace/Node.js-project
> nyc --reporter=html --reporter=text mocha --timeout 100000000

(node:1824) [DEP0006] DeprecationWarning: child_process: options.customFds option is deprecated. Use options.stdio instead.

  [93mâ€¤[0m[93mâ€¤[0m[93mâ€¤[0m[93mâ€¤[0m[93mâ€¤[0m[93mâ€¤[0m[93mâ€¤[0m[93mâ€¤[0m[93mâ€¤[0m[93mâ€¤[0m[93mâ€¤[0m[93mâ€¤[0m[93mâ€¤[0m[93mâ€¤[0m[93mâ€¤[0m[93mâ€¤[0m[93mâ€¤[0m[93mâ€¤[0m[93mâ€¤[0m[93mâ€¤[0m[93mâ€¤[0m[93mâ€¤[0m[93mâ€¤[0m[93mâ€¤[0m[93mâ€¤[0m[93mâ€¤[0m[93mâ€¤[0m[93mâ€¤[0m[93mâ€¤[0m[93mâ€¤[0m[93mâ€¤[0m[93mâ€¤[0m[93mâ€¤[0m[93mâ€¤[0m[93mâ€¤[0m[93mâ€¤[0m[93mâ€¤[0m[93mâ€¤[0m[93mâ€¤[0m[93mâ€¤[0m[93mâ€¤[0m[93mâ€¤[0m[93mâ€¤[0m[93mâ€¤[0m[93mâ€¤[0m[93mâ€¤[0m[93mâ€¤[0m[93mâ€¤[0m[93mâ€¤[0m[93mâ€¤[0m[93mâ€¤[0m[93mâ€¤[0m[93mâ€¤[0m[93mâ€¤[0m[93mâ€¤[0m
  [93mâ€¤[0m[93mâ€¤[0m[93mâ€¤[0m[93mâ€¤[0m[93mâ€¤[0m[93mâ€¤[0m[93mâ€¤[0m[93mâ€¤[0m[93mâ€¤[0m[93mâ€¤[0m[93mâ€¤[0m[93mâ€¤[0m[93mâ€¤[0m[93mâ€¤[0m[93mâ€¤[0m[93mâ€¤[0m[93mâ€¤[0m[93mâ€¤[0m[93mâ€¤[0m[93mâ€¤[0m[93mâ€¤[0m[93mâ€¤[0m[93mâ€¤[0m[93mâ€¤[0m[93mâ€¤[0m[93mâ€¤[0m[93mâ€¤[0m[93mâ€¤[0m[93mâ€¤[0m[93mâ€¤[0m[93mâ€¤[0m[31mâ€¤[0m[93mâ€¤[0m[93mâ€¤[0m[93mâ€¤[0m[93mâ€¤[0m[93mâ€¤[0m[93mâ€¤[0m[93mâ€¤[0m[93mâ€¤[0m[93mâ€¤[0m[93mâ€¤[0m[93mâ€¤[0m[93mâ€¤[0m[93mâ€¤[0m[93mâ€¤[0m[93mâ€¤[0m[93mâ€¤[0m[93mâ€¤[0m[93mâ€¤[0m[93mâ€¤[0m[93mâ€¤[0m[93mâ€¤[0m[93mâ€¤[0m[93mâ€¤[0m[93mâ€¤[0m
  [93mâ€¤[0m[93mâ€¤[0m[93mâ€¤[0m[93mâ€¤[0m[93mâ€¤[0m[93mâ€¤[0m[93mâ€¤[0m[93mâ€¤[0m[93mâ€¤[0m[93mâ€¤[0m[93mâ€¤[0m[93mâ€¤[0m[93mâ€¤[0m[93mâ€¤[0m[93mâ€¤[0m[93mâ€¤[0m

[92m [0m[32m 126 passing[0m[90m (3m)[0m
[31m  1 failing[0m

[0m  1) Chronicle Cloud Web API Unit Test #Pass api_share_student by read_write unit test.:
[0m[31m     Error: timeout of 20000ms exceeded[0m[90m
      at Timeout.<anonymous> (/var/workspace/Node.js-project/node_modules/mocha/lib/runnable.js:165:14)
      at ontimeout (timers.js:498:11)
      at tryOnTimeout (timers.js:323:5)
      at Timer.listOnTimeout (timers.js:290:5)
[0m


-------------|----------|----------|----------|----------|-------------------|
File         |  % Stmts | % Branch |  % Funcs |  % Lines | Uncovered Line #s |
-------------|----------|----------|----------|----------|-------------------|
All files    |    66.38 |    38.36 |    70.72 |    76.37 |                   |
 user_lib.js |    66.38 |    38.36 |    70.72 |    76.37 |... 3082,3084,3086 |
-------------|----------|----------|----------|----------|-------------------|
npm ERR! Test failed.  See above for more details.
Build step 'Execute shell' marked build as failure
Archiving artifacts
Finished: FAILURE
